<?xml version="1.0" encoding="UTF-8"?>
<!-- Generated by org.testng.reporters.JUnitXMLReporter -->
<testsuite ignored="0" hostname="DESKTOP-ANL99IF" failures="0" tests="3" name="Login Page Test" time="7.004" errors="0" timestamp="02 Oct 2024 02:28:54 GMT">
  <testcase classname="tests.LoginPageTests" name="validateSauceDemoTitlePage" time="0.021"/>
  <testcase classname="tests.LoginPageTests" name="validateSauceDemoURL" time="0.139"/>
  <testcase classname="tests.LoginPageTests" name="validateLogin" time="0.284"/>
</testsuite> <!-- Login Page Test -->
